# JRE version: OpenJDK Runtime Environment Zulu17.34+19-CA (17.0.3+7) (build 17.0.3+7-LTS)
# Java VM: OpenJDK 64-Bit Server VM Zulu17.34+19-CA (17.0.3+7-LTS, mixed mode, sharing, tiered, compressed oops, compressed class ptrs, g1 gc, windows-amd64)
GC Precious Log:
 CPUs: 8 total, 8 available
 Memory: 16157M
 Large Page Support: Disabled
 NUMA Support: Disabled
 Compressed Oops: Enabled (Zero based)
 Heap Region Size: 4M
 Heap Min Capacity: 8M
 Heap Initial Capacity: 256M
 Heap Max Capacity: 8G
 Pre-touch: Disabled
 Parallel Workers: 8
 Concurrent Workers: 2
 Concurrent Refinement Workers: 8
 Periodic GC: Disabled
Heap:
 garbage-first heap   total 1216512K, used 604614K [0x0000000600000000, 0x0000000800000000)
  region size 4096K, 44 young (180224K), 0 survivors (0K)
 Metaspace       used 20345K, committed 20608K, reserved 1073152K
  class space    used 2027K, committed 2176K, reserved 1048576K
GC Heap History (20 events):
Event: 10.335 GC heap before
{Heap before GC invocations=33 (full 18):
 garbage-first heap   total 548864K, used 232625K [0x0000000600000000, 0x0000000800000000)
  region size 4096K, 9 young (36864K), 5 survivors (20480K)
 Metaspace       used 15748K, committed 16000K, reserved 1064960K
  class space    used 1589K, committed 1728K, reserved 1048576K
}
Event: 10.513 GC heap after
{Heap after GC invocations=34 (full 19):
 garbage-first heap   total 548864K, used 226239K [0x0000000600000000, 0x0000000800000000)
  region size 4096K, 0 young (0K), 0 survivors (0K)
 Metaspace       used 15748K, committed 16000K, reserved 1064960K
  class space    used 1589K, committed 1728K, reserved 1048576K
}
Event: 11.760 GC heap before
{Heap before GC invocations=34 (full 19):
 garbage-first heap   total 548864K, used 336831K [0x0000000600000000, 0x0000000800000000)
  region size 4096K, 27 young (110592K), 0 survivors (0K)
 Metaspace       used 15748K, committed 16000K, reserved 1064960K
  class space    used 1589K, committed 1728K, reserved 1048576K
}
Event: 11.796 GC heap after
{Heap after GC invocations=35 (full 19):
 garbage-first heap   total 548864K, used 271295K [0x0000000600000000, 0x0000000800000000)
  region size 4096K, 4 young (16384K), 4 survivors (16384K)
 Metaspace       used 15748K, committed 16000K, reserved 1064960K
  class space    used 1589K, committed 1728K, reserved 1048576K
}
Event: 12.882 GC heap before
{Heap before GC invocations=35 (full 19):
 garbage-first heap   total 548864K, used 365503K [0x0000000600000000, 0x0000000800000000)
  region size 4096K, 27 young (110592K), 4 survivors (16384K)
 Metaspace       used 15748K, committed 16000K, reserved 1064960K
  class space    used 1589K, committed 1728K, reserved 1048576K
}
Event: 12.946 GC heap after
{Heap after GC invocations=36 (full 19):
 garbage-first heap   total 548864K, used 310225K [0x0000000600000000, 0x0000000800000000)
  region size 4096K, 4 young (16384K), 4 survivors (16384K)
 Metaspace       used 15748K, committed 16000K, reserved 1064960K
  class space    used 1589K, committed 1728K, reserved 1048576K
}
Event: 13.144 GC heap before
{Heap before GC invocations=36 (full 19):
 garbage-first heap   total 548864K, used 322513K [0x0000000600000000, 0x0000000800000000)
  region size 4096K, 8 young (32768K), 4 survivors (16384K)
 Metaspace       used 15748K, committed 16000K, reserved 1064960K
  class space    used 1589K, committed 1728K, reserved 1048576K
}
Event: 13.476 GC heap after
{Heap after GC invocations=37 (full 20):
 garbage-first heap   total 548864K, used 310888K [0x0000000600000000, 0x0000000800000000)
  region size 4096K, 0 young (0K), 0 survivors (0K)
 Metaspace       used 15748K, committed 16000K, reserved 1064960K
  class space    used 1589K, committed 1728K, reserved 1048576K
}
Event: 14.223 GC heap before
{Heap before GC invocations=37 (full 20):
 garbage-first heap   total 548864K, used 392808K [0x0000000600000000, 0x0000000800000000)
  region size 4096K, 20 young (81920K), 0 survivors (0K)
 Metaspace       used 15748K, committed 16000K, reserved 1064960K
  class space    used 1589K, committed 1728K, reserved 1048576K
}
Event: 14.281 GC heap after
{Heap after GC invocations=38 (full 20):
 garbage-first heap   total 1646592K, used 345378K [0x0000000600000000, 0x0000000800000000)
  region size 4096K, 3 young (12288K), 3 survivors (12288K)
 Metaspace       used 15748K, committed 16000K, reserved 1064960K
  class space    used 1589K, committed 1728K, reserved 1048576K
}
Event: 14.424 GC heap before
{Heap before GC invocations=38 (full 20):
 garbage-first heap   total 1646592K, used 357666K [0x0000000600000000, 0x0000000800000000)
  region size 4096K, 7 young (28672K), 3 survivors (12288K)
 Metaspace       used 15748K, committed 16000K, reserved 1064960K
  class space    used 1589K, committed 1728K, reserved 1048576K
}
Event: 14.772 GC heap after
{Heap after GC invocations=39 (full 21):
 garbage-first heap   total 1216512K, used 347413K [0x0000000600000000, 0x0000000800000000)
  region size 4096K, 0 young (0K), 0 survivors (0K)
 Metaspace       used 15748K, committed 16000K, reserved 1064960K
  class space    used 1589K, committed 1728K, reserved 1048576K
}
Event: 14.904 GC heap before
{Heap before GC invocations=39 (full 21):
 garbage-first heap   total 1216512K, used 359701K [0x0000000600000000, 0x0000000800000000)
  region size 4096K, 4 young (16384K), 0 survivors (0K)
 Metaspace       used 15748K, committed 16000K, reserved 1064960K
  class space    used 1589K, committed 1728K, reserved 1048576K
}
Event: 15.183 GC heap after
{Heap after GC invocations=40 (full 22):
 garbage-first heap   total 1216512K, used 352723K [0x0000000600000000, 0x0000000800000000)
  region size 4096K, 0 young (0K), 0 survivors (0K)
 Metaspace       used 15748K, committed 16000K, reserved 1064960K
  class space    used 1589K, committed 1728K, reserved 1048576K
}
Event: 16.701 GC heap before
{Heap before GC invocations=40 (full 22):
 garbage-first heap   total 1216512K, used 676307K [0x0000000600000000, 0x0000000800000000)
  region size 4096K, 79 young (323584K), 0 survivors (0K)
 Metaspace       used 15757K, committed 16000K, reserved 1064960K
  class space    used 1590K, committed 1728K, reserved 1048576K
}
Event: 16.753 GC heap after
{Heap after GC invocations=41 (full 22):
 garbage-first heap   total 1216512K, used 422277K [0x0000000600000000, 0x0000000800000000)
  region size 4096K, 10 young (40960K), 10 survivors (40960K)
 Metaspace       used 15757K, committed 16000K, reserved 1064960K
  class space    used 1590K, committed 1728K, reserved 1048576K
}
Event: 16.850 GC heap before
{Heap before GC invocations=41 (full 22):
 garbage-first heap   total 1216512K, used 455045K [0x0000000600000000, 0x0000000800000000)
  region size 4096K, 19 young (77824K), 10 survivors (40960K)
 Metaspace       used 15757K, committed 16000K, reserved 1064960K
  class space    used 1590K, committed 1728K, reserved 1048576K
}
Event: 17.114 GC heap after
{Heap after GC invocations=42 (full 23):
 garbage-first heap   total 1216512K, used 424888K [0x0000000600000000, 0x0000000800000000)
  region size 4096K, 0 young (0K), 0 survivors (0K)
 Metaspace       used 15757K, committed 16000K, reserved 1064960K
  class space    used 1590K, committed 1728K, reserved 1048576K
}
Event: 17.906 GC heap before
{Heap before GC invocations=42 (full 23):
 garbage-first heap   total 1216512K, used 494520K [0x0000000600000000, 0x0000000800000000)
  region size 4096K, 19 young (77824K), 0 survivors (0K)
 Metaspace       used 20202K, committed 20480K, reserved 1073152K
  class space    used 2022K, committed 2176K, reserved 1048576K
}
Event: 18.225 GC heap after
{Heap after GC invocations=43 (full 24):
 garbage-first heap   total 1216512K, used 428486K [0x0000000600000000, 0x0000000800000000)
  region size 4096K, 0 young (0K), 0 survivors (0K)
 Metaspace       used 20202K, committed 20480K, reserved 1073152K
  class space    used 2022K, committed 2176K, reserved 1048576K
}

